--------------------------------------------------------------------------------
Release 14.7 Trace  (lin64)
Copyright (c) 1995-2013 Xilinx, Inc.  All rights reserved.

/opt/Xilinx/14.7/ISE_DS/ISE/bin/lin64/unwrapped/trce -intstyle ise -v 3 -s 3 -n
3 -fastpaths -xml SEVENSEGMENT_VHDL.twx SEVENSEGMENT_VHDL.ncd -o
SEVENSEGMENT_VHDL.twr SEVENSEGMENT_VHDL.pcf -ucf SEVENSEGMENT_UCF.ucf

Design file:              SEVENSEGMENT_VHDL.ncd
Physical constraint file: SEVENSEGMENT_VHDL.pcf
Device,package,speed:     xc6slx16,csg324,C,-3 (PRODUCTION 1.23 2013-10-13)
Report level:             verbose report

Environment Variable      Effect 
--------------------      ------ 
NONE                      No environment variables were set
--------------------------------------------------------------------------------

INFO:Timing:2698 - No timing constraints found, doing default enumeration.
INFO:Timing:3412 - To improve timing, see the Timing Closure User Guide (UG612).
INFO:Timing:2752 - To get complete path coverage, use the unconstrained paths 
   option. All paths that are not constrained will be reported in the 
   unconstrained paths section(s) of the report.
INFO:Timing:3339 - The clock-to-out numbers in this timing report are based on 
   a 50 Ohm transmission line loading model.  For the details of this model, 
   and for more information on accounting for different loading conditions, 
   please see the device datasheet.



Data Sheet report:
-----------------
All values displayed in nanoseconds (ns)

Pad to Pad
---------------+---------------+---------+
Source Pad     |Destination Pad|  Delay  |
---------------+---------------+---------+
x<0>           |segs<0>        |    7.803|
x<0>           |segs<1>        |    7.617|
x<0>           |segs<2>        |    7.211|
x<0>           |segs<3>        |    7.768|
x<0>           |segs<4>        |    7.543|
x<0>           |segs<5>        |    7.535|
x<0>           |segs<6>        |    7.818|
x<1>           |segs<0>        |    7.680|
x<1>           |segs<1>        |    7.686|
x<1>           |segs<2>        |    7.320|
x<1>           |segs<3>        |    7.645|
x<1>           |segs<4>        |    7.612|
x<1>           |segs<5>        |    7.644|
x<1>           |segs<6>        |    8.139|
x<2>           |segs<0>        |    7.501|
x<2>           |segs<1>        |    7.571|
x<2>           |segs<2>        |    7.488|
x<2>           |segs<3>        |    7.466|
x<2>           |segs<4>        |    7.497|
x<2>           |segs<5>        |    7.812|
x<2>           |segs<6>        |    7.746|
x<3>           |segs<0>        |    8.276|
x<3>           |segs<1>        |    8.327|
x<3>           |segs<2>        |    7.821|
x<3>           |segs<3>        |    8.241|
x<3>           |segs<4>        |    8.253|
x<3>           |segs<5>        |    8.145|
x<3>           |segs<6>        |    8.256|
---------------+---------------+---------+


Analysis completed Tue Oct 24 13:41:50 2023 
--------------------------------------------------------------------------------

Trace Settings:
-------------------------
Trace Settings 

Peak Memory Usage: 389 MB



